<?xml version="1.0" encoding="UTF-8"?>
<testng-results ignored="0" total="3" passed="3" failed="0" skipped="0">
  <reporter-output>
  </reporter-output>
  <suite started-at="2025-05-30T11:59:06 AEST" name="Suite" finished-at="2025-05-30T11:59:44 AEST" duration-ms="38598">
    <groups>
    </groups>
    <test started-at="2025-05-30T11:59:06 AEST" name="Test" finished-at="2025-05-30T11:59:44 AEST" duration-ms="38598">
      <class name="remoteTesting.dockerValidation.chromeTestGrid2">
        <test-method signature="test2()[pri:0, instance:remoteTesting.dockerValidation.chromeTestGrid2@482bce4f]" started-at="2025-05-30T11:59:28 AEST" name="test2" finished-at="2025-05-30T11:59:33 AEST" duration-ms="5507" status="PASS">
          <reporter-output>
          </reporter-output>
        </test-method> <!-- test2 -->
      </class> <!-- remoteTesting.dockerValidation.chromeTestGrid2 -->
      <class name="remoteTesting.dockerValidation.chromeTestGrid">
        <test-method is-config="true" signature="startDocker()[pri:0, instance:remoteTesting.dockerValidation.chromeTestGrid@355ce81c]" started-at="2025-05-30T11:59:06 AEST" name="startDocker" finished-at="2025-05-30T11:59:28 AEST" duration-ms="22026" status="PASS">
          <reporter-output>
          </reporter-output>
        </test-method> <!-- startDocker -->
        <test-method signature="test1()[pri:0, instance:remoteTesting.dockerValidation.chromeTestGrid@355ce81c]" started-at="2025-05-30T11:59:28 AEST" name="test1" finished-at="2025-05-30T11:59:33 AEST" duration-ms="4975" status="PASS">
          <reporter-output>
          </reporter-output>
        </test-method> <!-- test1 -->
        <test-method is-config="true" signature="stopDocker()[pri:0, instance:remoteTesting.dockerValidation.chromeTestGrid@355ce81c]" started-at="2025-05-30T11:59:34 AEST" name="stopDocker" finished-at="2025-05-30T11:59:44 AEST" duration-ms="10653" status="PASS">
          <reporter-output>
          </reporter-output>
        </test-method> <!-- stopDocker -->
      </class> <!-- remoteTesting.dockerValidation.chromeTestGrid -->
      <class name="remoteTesting.dockerValidation.chromeTestGrid3">
        <test-method signature="test3()[pri:0, instance:remoteTesting.dockerValidation.chromeTestGrid3@366647c2]" started-at="2025-05-30T11:59:28 AEST" name="test3" finished-at="2025-05-30T11:59:34 AEST" duration-ms="5858" status="PASS">
          <reporter-output>
          </reporter-output>
        </test-method> <!-- test3 -->
      </class> <!-- remoteTesting.dockerValidation.chromeTestGrid3 -->
    </test> <!-- Test -->
  </suite> <!-- Suite -->
</testng-results>
