<?xml version="1.0" encoding="UTF-8"?>
<!-- Generated by org.testng.reporters.JUnitXMLReporter -->
<testsuite ignored="0" hostname="GeetanjaliPC" failures="0" tests="3" name="Test" time="38.598" errors="0" timestamp="2025-05-30T11:59:44 AEST">
  <testcase classname="remoteTesting.dockerValidation.chromeTestGrid" name="test1" time="4.975"/>
  <testcase classname="remoteTesting.dockerValidation.chromeTestGrid2" name="test2" time="5.507"/>
  <testcase classname="remoteTesting.dockerValidation.chromeTestGrid3" name="test3" time="5.858"/>
</testsuite> <!-- Test -->
